Using pre-set license
Built from '2021.3/staging' branch; Version is '2021.3.20f1 (577897200b8b) revision 5732503'; Using compiler version '192829333'; Build Type 'Release'
OS: 'Windows 10  (10.0.19044) 64bit Professional' Language: 'pl' Physical Memory: 16157 MB
BatchMode: 1, IsHumanControllingUs: 0, StartBugReporterOnCrash: 0, Is64bit: 1, IsPro: 1

COMMAND LINE ARGUMENTS:
D:\Aplikacje\2021.3.20f1\Editor\Unity.exe
-adb2
-batchMode
-noUpm
-name
AssetImportWorker0
-projectPath
C:/Users/Pawel/Desktop/Studia Informatyka UMG/Inżynierka/Gra/Deck Building Gra Wersja 1.2
-logFile
Logs/AssetImportWorker0.log
-srvPort
58528
Successfully changed project path to: C:/Users/Pawel/Desktop/Studia Informatyka UMG/Inżynierka/Gra/Deck Building Gra Wersja 1.2
C:/Users/Pawel/Desktop/Studia Informatyka UMG/Inżynierka/Gra/Deck Building Gra Wersja 1.2
[UnityMemory] Configuration Parameters - Can be set up in boot.config
    "memorysetup-bucket-allocator-granularity=16"
    "memorysetup-bucket-allocator-bucket-count=8"
    "memorysetup-bucket-allocator-block-size=33554432"
    "memorysetup-bucket-allocator-block-count=8"
    "memorysetup-main-allocator-block-size=16777216"
    "memorysetup-thread-allocator-block-size=16777216"
    "memorysetup-gfx-main-allocator-block-size=16777216"
    "memorysetup-gfx-thread-allocator-block-size=16777216"
    "memorysetup-cache-allocator-block-size=4194304"
    "memorysetup-typetree-allocator-block-size=2097152"
    "memorysetup-profiler-bucket-allocator-granularity=16"
    "memorysetup-profiler-bucket-allocator-bucket-count=8"
    "memorysetup-profiler-bucket-allocator-block-size=33554432"
    "memorysetup-profiler-bucket-allocator-block-count=8"
    "memorysetup-profiler-allocator-block-size=16777216"
    "memorysetup-profiler-editor-allocator-block-size=1048576"
    "memorysetup-temp-allocator-size-main=16777216"
    "memorysetup-job-temp-allocator-block-size=2097152"
    "memorysetup-job-temp-allocator-block-size-background=1048576"
    "memorysetup-job-temp-allocator-reduction-small-platforms=262144"
    "memorysetup-temp-allocator-size-background-worker=32768"
    "memorysetup-temp-allocator-size-job-worker=262144"
    "memorysetup-temp-allocator-size-preload-manager=33554432"
    "memorysetup-temp-allocator-size-nav-mesh-worker=65536"
    "memorysetup-temp-allocator-size-audio-worker=65536"
    "memorysetup-temp-allocator-size-cloud-worker=32768"
    "memorysetup-temp-allocator-size-gi-baking-worker=262144"
    "memorysetup-temp-allocator-size-gfx=262144"
Player connection [50572] Host "[IP] 192.168.0.227 [Port] 0 [Flags] 2 [Guid] 990432959 [EditorId] 990432959 [Version] 1048832 [Id] WindowsEditor(7,DESKTOP-EHVT39E) [Debug] 1 [PackageName] WindowsEditor [ProjectName] Editor" joined multi-casting on [225.0.0.222:54997]...

Player connection [50572] Host "[IP] 192.168.0.227 [Port] 0 [Flags] 2 [Guid] 990432959 [EditorId] 990432959 [Version] 1048832 [Id] WindowsEditor(7,DESKTOP-EHVT39E) [Debug] 1 [PackageName] WindowsEditor [ProjectName] Editor" joined alternative multi-casting on [225.0.0.222:34997]...

Refreshing native plugins compatible for Editor in 71.42 ms, found 4 plugins.
Preloading 0 native plugins for Editor in 0.00 ms.
Initialize engine version: 2021.3.20f1 (577897200b8b)
[Subsystems] Discovering subsystems at path D:/Aplikacje/2021.3.20f1/Editor/Data/Resources/UnitySubsystems
[Subsystems] Discovering subsystems at path C:/Users/Pawel/Desktop/Studia Informatyka UMG/Inżynierka/Gra/Deck Building Gra Wersja 1.2/Assets
GfxDevice: creating device client; threaded=0; jobified=0
Direct3D:
    Version:  Direct3D 11.0 [level 11.1]
    Renderer: AMD Radeon RX 6600 XT (ID=0x73ff)
    Vendor:   ATI
    VRAM:     8147 MB
    Driver:   31.0.14037.1007
Initialize mono
Mono path[0] = 'D:/Aplikacje/2021.3.20f1/Editor/Data/Managed'
Mono path[1] = 'D:/Aplikacje/2021.3.20f1/Editor/Data/MonoBleedingEdge/lib/mono/unityjit-win32'
Mono config path = 'D:/Aplikacje/2021.3.20f1/Editor/Data/MonoBleedingEdge/etc'
Using monoOptions --debugger-agent=transport=dt_socket,embedding=1,server=y,suspend=n,address=127.0.0.1:56996
Begin MonoManager ReloadAssembly
Registering precompiled unity dll's ...
Register platform support module: D:/Aplikacje/2021.3.20f1/Editor/Data/PlaybackEngines/WebGLSupport/UnityEditor.WebGL.Extensions.dll
Register platform support module: D:/Aplikacje/2021.3.20f1/Editor/Data/PlaybackEngines/AndroidPlayer/UnityEditor.Android.Extensions.dll
Register platform support module: D:/Aplikacje/2021.3.20f1/Editor/Data/PlaybackEngines/WindowsStandaloneSupport/UnityEditor.WindowsStandalone.Extensions.dll
Registered in 0.001970 seconds.
Native extension for WindowsStandalone target not found
Native extension for Android target not found
Android Extension - Scanning For ADB Devices 184 ms
Native extension for WebGL target not found
Refreshing native plugins compatible for Editor in 74.02 ms, found 4 plugins.
Preloading 0 native plugins for Editor in 0.00 ms.
Mono: successfully reloaded assembly
- Completed reload, in  0.648 seconds
Domain Reload Profiling:
	ReloadAssembly (648ms)
		BeginReloadAssembly (53ms)
			ExecutionOrderSort (0ms)
			DisableScriptedObjects (0ms)
			BackupInstance (0ms)
			ReleaseScriptingObjects (0ms)
			CreateAndSetChildDomain (1ms)
		EndReloadAssembly (534ms)
			LoadAssemblies (53ms)
			RebuildTransferFunctionScriptingTraits (0ms)
			SetupTypeCache (75ms)
			ReleaseScriptCaches (0ms)
			RebuildScriptCaches (19ms)
			SetupLoadedEditorAssemblies (405ms)
				LogAssemblyErrors (0ms)
				InitializePlatformSupportModulesInManaged (241ms)
				SetLoadedEditorAssemblies (0ms)
				RefreshPlugins (74ms)
				BeforeProcessingInitializeOnLoad (1ms)
				ProcessInitializeOnLoadAttributes (60ms)
				ProcessInitializeOnLoadMethodAttributes (28ms)
				AfterProcessingInitializeOnLoad (0ms)
				EditorAssembliesLoaded (0ms)
			ExecutionOrderSort2 (0ms)
			AwakeInstancesAfterBackupRestoration (0ms)
Platform modules already initialized, skipping
Registering precompiled user dll's ...
Registered in 0.004253 seconds.
Begin MonoManager ReloadAssembly
Symbol file LoadedFromMemory doesn't match image C:\Users\Pawel\Desktop\Studia Informatyka UMG\Inżynierka\Gra\Deck Building Gra Wersja 1.2\Library\PackageCache\com.unity.visualscripting@1.8.0\Editor\VisualScripting.Core\Dependencies\YamlDotNet\Unity.VisualScripting.YamlDotNet.dll
Symbol file LoadedFromMemory doesn't match image C:\Users\Pawel\Desktop\Studia Informatyka UMG\Inżynierka\Gra\Deck Building Gra Wersja 1.2\Library\PackageCache\com.unity.visualscripting@1.8.0\Editor\VisualScripting.Core\Dependencies\DotNetZip\Unity.VisualScripting.IonicZip.dll
Native extension for WindowsStandalone target not found
Native extension for Android target not found
Native extension for WebGL target not found
Refreshing native plugins compatible for Editor in 66.75 ms, found 4 plugins.
Preloading 0 native plugins for Editor in 0.00 ms.
Mono: successfully reloaded assembly
Package Manager log level set to [2]
- Completed reload, in  0.768 seconds
Domain Reload Profiling:
	ReloadAssembly (769ms)
		BeginReloadAssembly (75ms)
			ExecutionOrderSort (0ms)
			DisableScriptedObjects (4ms)
			BackupInstance (0ms)
			ReleaseScriptingObjects (0ms)
			CreateAndSetChildDomain (13ms)
		EndReloadAssembly (623ms)
			LoadAssemblies (62ms)
			RebuildTransferFunctionScriptingTraits (0ms)
			SetupTypeCache (161ms)
			ReleaseScriptCaches (0ms)
			RebuildScriptCaches (38ms)
			SetupLoadedEditorAssemblies (320ms)
				LogAssemblyErrors (0ms)
				InitializePlatformSupportModulesInManaged (11ms)
				SetLoadedEditorAssemblies (0ms)
				RefreshPlugins (67ms)
				BeforeProcessingInitializeOnLoad (64ms)
				ProcessInitializeOnLoadAttributes (151ms)
				ProcessInitializeOnLoadMethodAttributes (26ms)
				AfterProcessingInitializeOnLoad (2ms)
				EditorAssembliesLoaded (0ms)
			ExecutionOrderSort2 (0ms)
			AwakeInstancesAfterBackupRestoration (5ms)
Platform modules already initialized, skipping
========================================================================
Worker process is ready to serve import requests
Launched and connected shader compiler UnityShaderCompiler.exe after 0.03 seconds
Refreshing native plugins compatible for Editor in 0.54 ms, found 4 plugins.
Preloading 0 native plugins for Editor in 0.00 ms.
Unloading 4055 Unused Serialized files (Serialized files now loaded: 0)
Unloading 50 unused Assets / (56.9 KB). Loaded Objects now: 4523.
Memory consumption went from 174.7 MB to 174.6 MB.
Total: 2.253000 ms (FindLiveObjects: 0.179900 ms CreateObjectMapping: 0.086600 ms MarkObjects: 1.916700 ms  DeleteObjects: 0.069100 ms)

AssetImportParameters requested are different than current active one (requested -> active):
  custom:video-decoder-ogg-theora: a1e56fd34408186e4bbccfd4996cb3dc -> 
  custom:container-muxer-webm: aa71ff27fc2769a1b78a27578f13a17b -> 
  custom:container-demuxer-webm: 4f35f7cbe854078d1ac9338744f61a02 -> 
  custom:video-encoder-webm-vp8: eb34c28f22e8b96e1ab97ce403110664 -> 
  custom:audio-encoder-webm-vorbis: bf7c407c2cedff20999df2af8eb42d56 -> 
  custom:framework-win-MediaFoundation: 216162199b28c13a410421893ffa2e32 -> 
  custom:container-demuxer-ogg: 62fdf1f143b41e24485cea50d1cbac27 -> 
  custom:video-decoder-webm-vp8: 9c59270c3fd7afecdb556c50c9e8de78 -> 
  custom:audio-decoder-ogg-vorbis: bf7c407c2cedff20999df2af8eb42d56 -> 
========================================================================
Received Import Request.
  Time since last request: 438719.908740 seconds.
  path: Assets/Free Game Items/preview.png
  artifactKey: Guid(f9d96f4e7a15ef24c8c757d3388b9c20) Importer(815301076,1909f56bfc062723c751e8b465ee728b)
Start importing Assets/Free Game Items/preview.png using Guid(f9d96f4e7a15ef24c8c757d3388b9c20) Importer(815301076,1909f56bfc062723c751e8b465ee728b)  -> (artifact id: '09b45711a50f39e689d0c20e87e19d82') in 0.132955 seconds 
========================================================================
Received Import Request.
  Time since last request: 4.692006 seconds.
  path: Assets/Free Game Items/150dpi
  artifactKey: Guid(becde04e1e827274e9a6a6b8b7c4f11b) Importer(815301076,1909f56bfc062723c751e8b465ee728b)
Start importing Assets/Free Game Items/150dpi using Guid(becde04e1e827274e9a6a6b8b7c4f11b) Importer(815301076,1909f56bfc062723c751e8b465ee728b)  -> (artifact id: '0788409abe6b1f029e09aca4b5839521') in 0.005180 seconds 
========================================================================
Received Import Request.
  Time since last request: 0.071128 seconds.
  path: Assets/Free Game Items/150dpi/ammo.png
  artifactKey: Guid(aa57974480905bf499820ea43667c426) Importer(815301076,1909f56bfc062723c751e8b465ee728b)
Start importing Assets/Free Game Items/150dpi/ammo.png using Guid(aa57974480905bf499820ea43667c426) Importer(815301076,1909f56bfc062723c751e8b465ee728b)  -> (artifact id: '80b6cf9b1ecfe9862ddcc37d52db47a1') in 0.015211 seconds 
========================================================================
Received Import Request.
  Time since last request: 0.000016 seconds.
  path: Assets/Free Game Items/150dpi/bronze_coin.png
  artifactKey: Guid(cd1bc36084c02974f86d25935060bfff) Importer(815301076,1909f56bfc062723c751e8b465ee728b)
Start importing Assets/Free Game Items/150dpi/bronze_coin.png using Guid(cd1bc36084c02974f86d25935060bfff) Importer(815301076,1909f56bfc062723c751e8b465ee728b)  -> (artifact id: '04b2605a683d84080c5051d6fb59f297') in 0.014373 seconds 
========================================================================
Received Import Request.
  Time since last request: 0.000019 seconds.
  path: Assets/Free Game Items/150dpi/clover.png
  artifactKey: Guid(7c25f9dee60b0204192d065fac7df8f3) Importer(815301076,1909f56bfc062723c751e8b465ee728b)
Start importing Assets/Free Game Items/150dpi/clover.png using Guid(7c25f9dee60b0204192d065fac7df8f3) Importer(815301076,1909f56bfc062723c751e8b465ee728b)  -> (artifact id: '5dd7ff61ca2509b017ec0570c6473695') in 0.013523 seconds 
========================================================================
Received Import Request.
  Time since last request: 0.000020 seconds.
  path: Assets/Free Game Items/150dpi/rifle.png
  artifactKey: Guid(92ee55949e6b8da4ab7ff6e946f1e48e) Importer(815301076,1909f56bfc062723c751e8b465ee728b)
Start importing Assets/Free Game Items/150dpi/rifle.png using Guid(92ee55949e6b8da4ab7ff6e946f1e48e) Importer(815301076,1909f56bfc062723c751e8b465ee728b)  -> (artifact id: '517c2c5d418b74bde218cba993bb90d4') in 0.015336 seconds 
========================================================================
Received Import Request.
  Time since last request: 0.000016 seconds.
  path: Assets/Free Game Items/150dpi/hammer.png
  artifactKey: Guid(9ee6e7685d63c2746881ef3ccb01be5d) Importer(815301076,1909f56bfc062723c751e8b465ee728b)
Start importing Assets/Free Game Items/150dpi/hammer.png using Guid(9ee6e7685d63c2746881ef3ccb01be5d) Importer(815301076,1909f56bfc062723c751e8b465ee728b)  -> (artifact id: '09254cac4237a47823ed7c0a9bc42597') in 0.014819 seconds 
========================================================================
Received Import Request.
  Time since last request: 0.000022 seconds.
  path: Assets/Free Game Items/150dpi/feather.png
  artifactKey: Guid(067444548665d434d9bd4dd4096b9985) Importer(815301076,1909f56bfc062723c751e8b465ee728b)
Start importing Assets/Free Game Items/150dpi/feather.png using Guid(067444548665d434d9bd4dd4096b9985) Importer(815301076,1909f56bfc062723c751e8b465ee728b)  -> (artifact id: '8c911d9ad1fc694a1bc7c7020281c5da') in 0.014214 seconds 
========================================================================
Received Import Request.
  Time since last request: 0.000021 seconds.
  path: Assets/Free Game Items/150dpi/bandage.png
  artifactKey: Guid(2d221536262037b42833afa8c64081d0) Importer(815301076,1909f56bfc062723c751e8b465ee728b)
Start importing Assets/Free Game Items/150dpi/bandage.png using Guid(2d221536262037b42833afa8c64081d0) Importer(815301076,1909f56bfc062723c751e8b465ee728b)  -> (artifact id: '936cd96a15b4f35f72d98f0d9964a306') in 0.013166 seconds 
========================================================================
Received Import Request.
  Time since last request: 0.000020 seconds.
  path: Assets/Free Game Items/150dpi/potion_1_empty.png
  artifactKey: Guid(f45af443cb14eed409506ad777729639) Importer(815301076,1909f56bfc062723c751e8b465ee728b)
Start importing Assets/Free Game Items/150dpi/potion_1_empty.png using Guid(f45af443cb14eed409506ad777729639) Importer(815301076,1909f56bfc062723c751e8b465ee728b)  -> (artifact id: '2c0bea70eda8622ebb4fa0b942015b07') in 0.013060 seconds 
========================================================================
Received Import Request.
  Time since last request: 0.000023 seconds.
  path: Assets/Free Game Items/150dpi/sword.png
  artifactKey: Guid(4f4b3730cb977d144b41fcd8e14597c6) Importer(815301076,1909f56bfc062723c751e8b465ee728b)
Start importing Assets/Free Game Items/150dpi/sword.png using Guid(4f4b3730cb977d144b41fcd8e14597c6) Importer(815301076,1909f56bfc062723c751e8b465ee728b)  -> (artifact id: 'b0dd2f121f006d38d54654dc150a653e') in 0.015079 seconds 
========================================================================
Received Import Request.
  Time since last request: 0.000031 seconds.
  path: Assets/Free Game Items/150dpi/scroll.png
  artifactKey: Guid(47ee81f5b1b023a4db6f54e6705b9c1d) Importer(815301076,1909f56bfc062723c751e8b465ee728b)
Start importing Assets/Free Game Items/150dpi/scroll.png using Guid(47ee81f5b1b023a4db6f54e6705b9c1d) Importer(815301076,1909f56bfc062723c751e8b465ee728b)  -> (artifact id: '62e164ac203222343656c3cda465a9cb') in 0.014093 seconds 
========================================================================
Received Import Request.
  Time since last request: 0.000026 seconds.
  path: Assets/Free Game Items/150dpi/gem_3.png
  artifactKey: Guid(81ed6dd99de01c243b06c10201ba927a) Importer(815301076,1909f56bfc062723c751e8b465ee728b)
Start importing Assets/Free Game Items/150dpi/gem_3.png using Guid(81ed6dd99de01c243b06c10201ba927a) Importer(815301076,1909f56bfc062723c751e8b465ee728b)  -> (artifact id: '679049c12abb5b1a795a209956d6d95b') in 0.015805 seconds 
========================================================================
Received Import Request.
  Time since last request: 0.000021 seconds.
  path: Assets/Free Game Items/150dpi/chemical_light.png
  artifactKey: Guid(3c82538c700a5c04aae8cb92bc1c901e) Importer(815301076,1909f56bfc062723c751e8b465ee728b)
Start importing Assets/Free Game Items/150dpi/chemical_light.png using Guid(3c82538c700a5c04aae8cb92bc1c901e) Importer(815301076,1909f56bfc062723c751e8b465ee728b)  -> (artifact id: '7c25538d124c13d8756a9880059f86fc') in 0.012563 seconds 
========================================================================
Received Import Request.
  Time since last request: 0.000018 seconds.
  path: Assets/Free Game Items/150dpi/machete.png
  artifactKey: Guid(990b8b52753f7d34792d9711201da363) Importer(815301076,1909f56bfc062723c751e8b465ee728b)
Start importing Assets/Free Game Items/150dpi/machete.png using Guid(990b8b52753f7d34792d9711201da363) Importer(815301076,1909f56bfc062723c751e8b465ee728b)  -> (artifact id: '1509da1cc492823af23395e23b71faea') in 0.014584 seconds 
========================================================================
Received Import Request.
  Time since last request: 0.000025 seconds.
  path: Assets/Free Game Items/150dpi/book.png
  artifactKey: Guid(4609bd6d3ecc9444c882f56675093e78) Importer(815301076,1909f56bfc062723c751e8b465ee728b)
Start importing Assets/Free Game Items/150dpi/book.png using Guid(4609bd6d3ecc9444c882f56675093e78) Importer(815301076,1909f56bfc062723c751e8b465ee728b)  -> (artifact id: '6c59803d1f44a8881af24b2a7b084474') in 0.013392 seconds 
========================================================================
Received Import Request.
  Time since last request: 0.000019 seconds.
  path: Assets/Free Game Items/150dpi/backpack-2.png
  artifactKey: Guid(8dd922e0d91017f4eb28b71fe3f476d6) Importer(815301076,1909f56bfc062723c751e8b465ee728b)
Start importing Assets/Free Game Items/150dpi/backpack-2.png using Guid(8dd922e0d91017f4eb28b71fe3f476d6) Importer(815301076,1909f56bfc062723c751e8b465ee728b)  -> (artifact id: '4e1903269858c58c16e4645e6a835ac4') in 0.013309 seconds 
========================================================================
Received Import Request.
  Time since last request: 0.000017 seconds.
  path: Assets/Free Game Items/150dpi/belt.png
  artifactKey: Guid(a3f59a605d0bbbb48b130a7e0e49438e) Importer(815301076,1909f56bfc062723c751e8b465ee728b)
Start importing Assets/Free Game Items/150dpi/belt.png using Guid(a3f59a605d0bbbb48b130a7e0e49438e) Importer(815301076,1909f56bfc062723c751e8b465ee728b)  -> (artifact id: 'eef1b42df8e9a1ba1b979c9876c2838a') in 0.012342 seconds 
========================================================================
Received Import Request.
  Time since last request: 0.000013 seconds.
  path: Assets/Free Game Items/150dpi/bronze ring.png
  artifactKey: Guid(dbc56cf89844bb14a8839df57753a4db) Importer(815301076,1909f56bfc062723c751e8b465ee728b)
Start importing Assets/Free Game Items/150dpi/bronze ring.png using Guid(dbc56cf89844bb14a8839df57753a4db) Importer(815301076,1909f56bfc062723c751e8b465ee728b)  -> (artifact id: '6b15e6f4be76ef099492dc8973ce1e52') in 0.013079 seconds 
========================================================================
Received Import Request.
  Time since last request: 295.206746 seconds.
  path: Assets/Free Game Items/150dpi/gem_2.png
  artifactKey: Guid(fcb9919dba501554cbacee6d2fb49049) Importer(815301076,1909f56bfc062723c751e8b465ee728b)
Start importing Assets/Free Game Items/150dpi/gem_2.png using Guid(fcb9919dba501554cbacee6d2fb49049) Importer(815301076,1909f56bfc062723c751e8b465ee728b)  -> (artifact id: 'd642d978c16eebc680677985e1ad6a68') in 0.011885 seconds 
========================================================================
Received Import Request.
  Time since last request: 13.071753 seconds.
  path: Assets/Free Game Items/150dpi/gem_1.png
  artifactKey: Guid(c39e16d77426b2c4c948d7fba3d5752b) Importer(815301076,1909f56bfc062723c751e8b465ee728b)
Start importing Assets/Free Game Items/150dpi/gem_1.png using Guid(c39e16d77426b2c4c948d7fba3d5752b) Importer(815301076,1909f56bfc062723c751e8b465ee728b)  -> (artifact id: '54066b0906d4910084a94b3694fa6e8a') in 0.010754 seconds 
