Using pre-set license
Built from '2021.3/staging' branch; Version is '2021.3.20f1 (577897200b8b) revision 5732503'; Using compiler version '192829333'; Build Type 'Release'
OS: 'Windows 10  (10.0.19044) 64bit Professional' Language: 'pl' Physical Memory: 16157 MB
BatchMode: 1, IsHumanControllingUs: 0, StartBugReporterOnCrash: 0, Is64bit: 1, IsPro: 1

COMMAND LINE ARGUMENTS:
D:\Aplikacje\2021.3.20f1\Editor\Unity.exe
-adb2
-batchMode
-noUpm
-name
AssetImportWorker1
-projectPath
C:/Users/Pawel/Desktop/Studia Informatyka UMG/Inżynierka/Gra/Deck Building Gra Wersja 1.2
-logFile
Logs/AssetImportWorker1.log
-srvPort
58528
Successfully changed project path to: C:/Users/Pawel/Desktop/Studia Informatyka UMG/Inżynierka/Gra/Deck Building Gra Wersja 1.2
C:/Users/Pawel/Desktop/Studia Informatyka UMG/Inżynierka/Gra/Deck Building Gra Wersja 1.2
[UnityMemory] Configuration Parameters - Can be set up in boot.config
    "memorysetup-bucket-allocator-granularity=16"
    "memorysetup-bucket-allocator-bucket-count=8"
    "memorysetup-bucket-allocator-block-size=33554432"
    "memorysetup-bucket-allocator-block-count=8"
    "memorysetup-main-allocator-block-size=16777216"
    "memorysetup-thread-allocator-block-size=16777216"
    "memorysetup-gfx-main-allocator-block-size=16777216"
    "memorysetup-gfx-thread-allocator-block-size=16777216"
    "memorysetup-cache-allocator-block-size=4194304"
    "memorysetup-typetree-allocator-block-size=2097152"
    "memorysetup-profiler-bucket-allocator-granularity=16"
    "memorysetup-profiler-bucket-allocator-bucket-count=8"
    "memorysetup-profiler-bucket-allocator-block-size=33554432"
    "memorysetup-profiler-bucket-allocator-block-count=8"
    "memorysetup-profiler-allocator-block-size=16777216"
    "memorysetup-profiler-editor-allocator-block-size=1048576"
    "memorysetup-temp-allocator-size-main=16777216"
    "memorysetup-job-temp-allocator-block-size=2097152"
    "memorysetup-job-temp-allocator-block-size-background=1048576"
    "memorysetup-job-temp-allocator-reduction-small-platforms=262144"
    "memorysetup-temp-allocator-size-background-worker=32768"
    "memorysetup-temp-allocator-size-job-worker=262144"
    "memorysetup-temp-allocator-size-preload-manager=33554432"
    "memorysetup-temp-allocator-size-nav-mesh-worker=65536"
    "memorysetup-temp-allocator-size-audio-worker=65536"
    "memorysetup-temp-allocator-size-cloud-worker=32768"
    "memorysetup-temp-allocator-size-gi-baking-worker=262144"
    "memorysetup-temp-allocator-size-gfx=262144"
Player connection [36904] Host "[IP] 192.168.0.227 [Port] 0 [Flags] 2 [Guid] 2913822415 [EditorId] 2913822415 [Version] 1048832 [Id] WindowsEditor(7,DESKTOP-EHVT39E) [Debug] 1 [PackageName] WindowsEditor [ProjectName] Editor" joined multi-casting on [225.0.0.222:54997]...

Player connection [36904] Host "[IP] 192.168.0.227 [Port] 0 [Flags] 2 [Guid] 2913822415 [EditorId] 2913822415 [Version] 1048832 [Id] WindowsEditor(7,DESKTOP-EHVT39E) [Debug] 1 [PackageName] WindowsEditor [ProjectName] Editor" joined alternative multi-casting on [225.0.0.222:34997]...

Refreshing native plugins compatible for Editor in 72.04 ms, found 4 plugins.
Preloading 0 native plugins for Editor in 0.00 ms.
Initialize engine version: 2021.3.20f1 (577897200b8b)
[Subsystems] Discovering subsystems at path D:/Aplikacje/2021.3.20f1/Editor/Data/Resources/UnitySubsystems
[Subsystems] Discovering subsystems at path C:/Users/Pawel/Desktop/Studia Informatyka UMG/Inżynierka/Gra/Deck Building Gra Wersja 1.2/Assets
GfxDevice: creating device client; threaded=0; jobified=0
Direct3D:
    Version:  Direct3D 11.0 [level 11.1]
    Renderer: AMD Radeon RX 6600 XT (ID=0x73ff)
    Vendor:   ATI
    VRAM:     8147 MB
    Driver:   31.0.14037.1007
Initialize mono
Mono path[0] = 'D:/Aplikacje/2021.3.20f1/Editor/Data/Managed'
Mono path[1] = 'D:/Aplikacje/2021.3.20f1/Editor/Data/MonoBleedingEdge/lib/mono/unityjit-win32'
Mono config path = 'D:/Aplikacje/2021.3.20f1/Editor/Data/MonoBleedingEdge/etc'
Using monoOptions --debugger-agent=transport=dt_socket,embedding=1,server=y,suspend=n,address=127.0.0.1:56676
Begin MonoManager ReloadAssembly
Registering precompiled unity dll's ...
Register platform support module: D:/Aplikacje/2021.3.20f1/Editor/Data/PlaybackEngines/WebGLSupport/UnityEditor.WebGL.Extensions.dll
Register platform support module: D:/Aplikacje/2021.3.20f1/Editor/Data/PlaybackEngines/AndroidPlayer/UnityEditor.Android.Extensions.dll
Register platform support module: D:/Aplikacje/2021.3.20f1/Editor/Data/PlaybackEngines/WindowsStandaloneSupport/UnityEditor.WindowsStandalone.Extensions.dll
Registered in 0.001986 seconds.
Native extension for WindowsStandalone target not found
Native extension for Android target not found
Android Extension - Scanning For ADB Devices 180 ms
Native extension for WebGL target not found
Refreshing native plugins compatible for Editor in 67.25 ms, found 4 plugins.
Preloading 0 native plugins for Editor in 0.00 ms.
Mono: successfully reloaded assembly
- Completed reload, in  0.638 seconds
Domain Reload Profiling:
	ReloadAssembly (639ms)
		BeginReloadAssembly (56ms)
			ExecutionOrderSort (0ms)
			DisableScriptedObjects (0ms)
			BackupInstance (0ms)
			ReleaseScriptingObjects (0ms)
			CreateAndSetChildDomain (1ms)
		EndReloadAssembly (519ms)
			LoadAssemblies (55ms)
			RebuildTransferFunctionScriptingTraits (0ms)
			SetupTypeCache (71ms)
			ReleaseScriptCaches (0ms)
			RebuildScriptCaches (18ms)
			SetupLoadedEditorAssemblies (397ms)
				LogAssemblyErrors (0ms)
				InitializePlatformSupportModulesInManaged (236ms)
				SetLoadedEditorAssemblies (0ms)
				RefreshPlugins (67ms)
				BeforeProcessingInitializeOnLoad (1ms)
				ProcessInitializeOnLoadAttributes (63ms)
				ProcessInitializeOnLoadMethodAttributes (30ms)
				AfterProcessingInitializeOnLoad (0ms)
				EditorAssembliesLoaded (0ms)
			ExecutionOrderSort2 (0ms)
			AwakeInstancesAfterBackupRestoration (0ms)
Platform modules already initialized, skipping
Registering precompiled user dll's ...
Registered in 0.004223 seconds.
Begin MonoManager ReloadAssembly
Symbol file LoadedFromMemory doesn't match image C:\Users\Pawel\Desktop\Studia Informatyka UMG\Inżynierka\Gra\Deck Building Gra Wersja 1.2\Library\PackageCache\com.unity.visualscripting@1.8.0\Editor\VisualScripting.Core\Dependencies\YamlDotNet\Unity.VisualScripting.YamlDotNet.dll
Symbol file LoadedFromMemory doesn't match image C:\Users\Pawel\Desktop\Studia Informatyka UMG\Inżynierka\Gra\Deck Building Gra Wersja 1.2\Library\PackageCache\com.unity.visualscripting@1.8.0\Editor\VisualScripting.Core\Dependencies\DotNetZip\Unity.VisualScripting.IonicZip.dll
Native extension for WindowsStandalone target not found
Native extension for Android target not found
Native extension for WebGL target not found
Refreshing native plugins compatible for Editor in 66.91 ms, found 4 plugins.
Preloading 0 native plugins for Editor in 0.00 ms.
Mono: successfully reloaded assembly
Package Manager log level set to [2]
- Completed reload, in  0.796 seconds
Domain Reload Profiling:
	ReloadAssembly (797ms)
		BeginReloadAssembly (76ms)
			ExecutionOrderSort (0ms)
			DisableScriptedObjects (4ms)
			BackupInstance (0ms)
			ReleaseScriptingObjects (0ms)
			CreateAndSetChildDomain (14ms)
		EndReloadAssembly (650ms)
			LoadAssemblies (62ms)
			RebuildTransferFunctionScriptingTraits (0ms)
			SetupTypeCache (157ms)
			ReleaseScriptCaches (0ms)
			RebuildScriptCaches (37ms)
			SetupLoadedEditorAssemblies (351ms)
				LogAssemblyErrors (0ms)
				InitializePlatformSupportModulesInManaged (11ms)
				SetLoadedEditorAssemblies (0ms)
				RefreshPlugins (67ms)
				BeforeProcessingInitializeOnLoad (64ms)
				ProcessInitializeOnLoadAttributes (178ms)
				ProcessInitializeOnLoadMethodAttributes (30ms)
				AfterProcessingInitializeOnLoad (2ms)
				EditorAssembliesLoaded (0ms)
			ExecutionOrderSort2 (0ms)
			AwakeInstancesAfterBackupRestoration (4ms)
Platform modules already initialized, skipping
========================================================================
Worker process is ready to serve import requests
Launched and connected shader compiler UnityShaderCompiler.exe after 0.03 seconds
Refreshing native plugins compatible for Editor in 0.54 ms, found 4 plugins.
Preloading 0 native plugins for Editor in 0.00 ms.
Unloading 4055 Unused Serialized files (Serialized files now loaded: 0)
Unloading 50 unused Assets / (56.9 KB). Loaded Objects now: 4523.
Memory consumption went from 174.7 MB to 174.6 MB.
Total: 2.186500 ms (FindLiveObjects: 0.188000 ms CreateObjectMapping: 0.088300 ms MarkObjects: 1.839500 ms  DeleteObjects: 0.069800 ms)

AssetImportParameters requested are different than current active one (requested -> active):
  custom:video-decoder-ogg-theora: a1e56fd34408186e4bbccfd4996cb3dc -> 
  custom:container-muxer-webm: aa71ff27fc2769a1b78a27578f13a17b -> 
  custom:container-demuxer-webm: 4f35f7cbe854078d1ac9338744f61a02 -> 
  custom:video-encoder-webm-vp8: eb34c28f22e8b96e1ab97ce403110664 -> 
  custom:audio-encoder-webm-vorbis: bf7c407c2cedff20999df2af8eb42d56 -> 
  custom:framework-win-MediaFoundation: 216162199b28c13a410421893ffa2e32 -> 
  custom:container-demuxer-ogg: 62fdf1f143b41e24485cea50d1cbac27 -> 
  custom:video-decoder-webm-vp8: 9c59270c3fd7afecdb556c50c9e8de78 -> 
  custom:audio-decoder-ogg-vorbis: bf7c407c2cedff20999df2af8eb42d56 -> 
========================================================================
Received Import Request.
  Time since last request: 438724.820286 seconds.
  path: Assets/Free Game Items/150dpi/backpack-1.png
  artifactKey: Guid(0359593d501c6fe43a5177a20904233a) Importer(815301076,1909f56bfc062723c751e8b465ee728b)
Start importing Assets/Free Game Items/150dpi/backpack-1.png using Guid(0359593d501c6fe43a5177a20904233a) Importer(815301076,1909f56bfc062723c751e8b465ee728b)  -> (artifact id: 'bb312206791713c48fc02eef8cfe5eb6') in 0.099548 seconds 
========================================================================
Received Import Request.
  Time since last request: 0.000022 seconds.
  path: Assets/Free Game Items/150dpi/potion_2.png
  artifactKey: Guid(fca6ac5c4c4963b4e9961bad2f9dcc60) Importer(815301076,1909f56bfc062723c751e8b465ee728b)
Start importing Assets/Free Game Items/150dpi/potion_2.png using Guid(fca6ac5c4c4963b4e9961bad2f9dcc60) Importer(815301076,1909f56bfc062723c751e8b465ee728b)  -> (artifact id: 'e3b6274bd8b786ac53528739bca1113d') in 0.015167 seconds 
========================================================================
Received Import Request.
  Time since last request: 0.000040 seconds.
  path: Assets/Free Game Items/150dpi/brick.png
  artifactKey: Guid(e90f925b4b0e49b47b6607adb53587be) Importer(815301076,1909f56bfc062723c751e8b465ee728b)
Start importing Assets/Free Game Items/150dpi/brick.png using Guid(e90f925b4b0e49b47b6607adb53587be) Importer(815301076,1909f56bfc062723c751e8b465ee728b)  -> (artifact id: '8de8eb188fcdf8acfaa7b3c7842a6865') in 0.012272 seconds 
========================================================================
Received Import Request.
  Time since last request: 0.000016 seconds.
  path: Assets/Free Game Items/150dpi/rope.png
  artifactKey: Guid(e0b29b674779a0249959c4204230fca5) Importer(815301076,1909f56bfc062723c751e8b465ee728b)
Start importing Assets/Free Game Items/150dpi/rope.png using Guid(e0b29b674779a0249959c4204230fca5) Importer(815301076,1909f56bfc062723c751e8b465ee728b)  -> (artifact id: 'cb2dcce7553e08ee7048fc4b6af213e4') in 0.013958 seconds 
========================================================================
Received Import Request.
  Time since last request: 0.000019 seconds.
  path: Assets/Free Game Items/150dpi/gem_4.png
  artifactKey: Guid(23fc6487bbe36c243a399785ba582eef) Importer(815301076,1909f56bfc062723c751e8b465ee728b)
Start importing Assets/Free Game Items/150dpi/gem_4.png using Guid(23fc6487bbe36c243a399785ba582eef) Importer(815301076,1909f56bfc062723c751e8b465ee728b)  -> (artifact id: '5b6a0764cfefe530770c801dc6e2e6d5') in 0.015524 seconds 
========================================================================
Received Import Request.
  Time since last request: 0.000019 seconds.
  path: Assets/Free Game Items/150dpi/gem_2.png
  artifactKey: Guid(fcb9919dba501554cbacee6d2fb49049) Importer(815301076,1909f56bfc062723c751e8b465ee728b)
Start importing Assets/Free Game Items/150dpi/gem_2.png using Guid(fcb9919dba501554cbacee6d2fb49049) Importer(815301076,1909f56bfc062723c751e8b465ee728b)  -> (artifact id: '7c9eb4c5387a14b4b35ca5af6f95c00e') in 0.012096 seconds 
========================================================================
Received Import Request.
  Time since last request: 0.000022 seconds.
  path: Assets/Free Game Items/150dpi/bomb.png
  artifactKey: Guid(cacbda78d462c744499e8adb7ad49c33) Importer(815301076,1909f56bfc062723c751e8b465ee728b)
Start importing Assets/Free Game Items/150dpi/bomb.png using Guid(cacbda78d462c744499e8adb7ad49c33) Importer(815301076,1909f56bfc062723c751e8b465ee728b)  -> (artifact id: '4ad5c30e325929d3eaa011d998a35d4e') in 0.012944 seconds 
========================================================================
Received Import Request.
  Time since last request: 0.000019 seconds.
  path: Assets/Free Game Items/150dpi/potion_1.png
  artifactKey: Guid(628d4a22608347044bc9feb9feb67c4c) Importer(815301076,1909f56bfc062723c751e8b465ee728b)
Start importing Assets/Free Game Items/150dpi/potion_1.png using Guid(628d4a22608347044bc9feb9feb67c4c) Importer(815301076,1909f56bfc062723c751e8b465ee728b)  -> (artifact id: 'bcdc38ca452b2527fc7ae38110bce30c') in 0.013021 seconds 
========================================================================
Received Import Request.
  Time since last request: 0.000021 seconds.
  path: Assets/Free Game Items/150dpi/gem_1.png
  artifactKey: Guid(c39e16d77426b2c4c948d7fba3d5752b) Importer(815301076,1909f56bfc062723c751e8b465ee728b)
Start importing Assets/Free Game Items/150dpi/gem_1.png using Guid(c39e16d77426b2c4c948d7fba3d5752b) Importer(815301076,1909f56bfc062723c751e8b465ee728b)  -> (artifact id: 'dcabfbc38ec099e42de7cf75322fd5d9') in 0.014187 seconds 
========================================================================
Received Import Request.
  Time since last request: 0.000017 seconds.
  path: Assets/Free Game Items/150dpi/potion_2_empty.png
  artifactKey: Guid(68f45e999bd100c45b224fa600896f75) Importer(815301076,1909f56bfc062723c751e8b465ee728b)
Start importing Assets/Free Game Items/150dpi/potion_2_empty.png using Guid(68f45e999bd100c45b224fa600896f75) Importer(815301076,1909f56bfc062723c751e8b465ee728b)  -> (artifact id: '6c7de0a445991c3c1df7115217051c6c') in 0.013135 seconds 
========================================================================
Received Import Request.
  Time since last request: 0.000016 seconds.
  path: Assets/Free Game Items/150dpi/pill.png
  artifactKey: Guid(a8de34efd16b9914cb95a57cc08c5fc7) Importer(815301076,1909f56bfc062723c751e8b465ee728b)
Start importing Assets/Free Game Items/150dpi/pill.png using Guid(a8de34efd16b9914cb95a57cc08c5fc7) Importer(815301076,1909f56bfc062723c751e8b465ee728b)  -> (artifact id: '2a5d2754889158d6fe0c246b26870c7f') in 0.011112 seconds 
========================================================================
Received Import Request.
  Time since last request: 0.000014 seconds.
  path: Assets/Free Game Items/150dpi/flashlight.png
  artifactKey: Guid(6ceb0a1b776b7fd4283cc73f84d215e4) Importer(815301076,1909f56bfc062723c751e8b465ee728b)
Start importing Assets/Free Game Items/150dpi/flashlight.png using Guid(6ceb0a1b776b7fd4283cc73f84d215e4) Importer(815301076,1909f56bfc062723c751e8b465ee728b)  -> (artifact id: '42644d53f9f59a4bc43fabff1991bbc2') in 0.011590 seconds 
========================================================================
Received Import Request.
  Time since last request: 0.000014 seconds.
  path: Assets/Free Game Items/150dpi/pills.png
  artifactKey: Guid(eb56624208ea0da4ba72ba9a63a1ab12) Importer(815301076,1909f56bfc062723c751e8b465ee728b)
Start importing Assets/Free Game Items/150dpi/pills.png using Guid(eb56624208ea0da4ba72ba9a63a1ab12) Importer(815301076,1909f56bfc062723c751e8b465ee728b)  -> (artifact id: '0e430058c36c7e2eccaa61c600cf0c52') in 0.011473 seconds 
Editor requested this worker to shutdown with reason: Scaling down because of idle timeout
AssetImportWorker is now disconnected from the server
Process exiting
Exiting without the bug reporter. Application will terminate with return code 0